SF:lib/core/utils/date_time_extention.dart
DA:2,2
DA:3,4
DA:4,12
LF:3
LH:3
end_of_record
SF:lib/viewmodel/number_view_model.dart
DA:17,2
DA:18,2
DA:20,4
DA:23,2
DA:24,2
DA:26,4
DA:29,2
DA:30,2
DA:31,2
DA:34,2
DA:36,2
DA:38,4
DA:39,1
DA:40,2
DA:41,2
DA:42,4
DA:44,2
DA:46,3
DA:48,1
DA:50,3
DA:55,2
DA:56,2
DA:57,6
DA:58,0
DA:62,1
DA:64,2
DA:65,1
DA:68,1
DA:69,2
LF:29
LH:28
end_of_record
SF:lib/core/utils/int_extention.dart
DA:2,3
DA:3,3
DA:4,3
DA:5,6
DA:7,6
DA:8,2
LF:6
LH:6
end_of_record
SF:lib/repository/number_repository.dart
DA:11,2
DA:13,2
DA:16,4
DA:17,1
DA:18,4
DA:26,1
DA:29,2
DA:30,1
DA:36,1
DA:39,2
DA:40,2
LF:11
LH:11
end_of_record
SF:lib/service/number_service.dart
DA:10,2
DA:12,2
DA:15,6
DA:16,1
DA:18,2
DA:19,1
DA:21,2
DA:24,2
LF:8
LH:8
end_of_record
SF:lib/core/storage/shared_preferences_storage.dart
DA:9,2
DA:10,4
DA:13,1
DA:15,3
DA:18,1
DA:20,1
DA:21,3
DA:23,2
LF:8
LH:8
end_of_record
SF:lib/core/service_locator.dart
DA:12,3
DA:16,1
DA:17,1
DA:18,1
DA:22,2
DA:25,1
DA:26,1
DA:28,3
DA:30,1
DA:31,1
DA:33,3
DA:35,8
DA:37,6
LF:13
LH:13
end_of_record
SF:lib/main.dart
DA:7,0
DA:8,0
DA:10,0
DA:12,0
DA:14,0
DA:18,3
DA:20,1
DA:22,1
DA:23,1
DA:39,1
DA:41,1
LF:11
LH:6
end_of_record
SF:lib/view/home_screen.dart
DA:10,1
DA:12,1
DA:13,1
DA:19,1
DA:21,1
DA:22,3
DA:23,2
DA:24,3
DA:27,0
DA:28,0
DA:29,0
DA:30,0
DA:31,0
DA:33,0
DA:36,1
DA:38,2
DA:39,1
DA:42,1
DA:44,1
DA:45,1
DA:47,1
DA:48,0
DA:49,0
DA:50,0
DA:51,0
DA:52,0
DA:53,0
DA:54,0
DA:57,1
DA:58,1
DA:59,1
DA:61,7
LF:32
LH:19
end_of_record
SF:lib/view/prime_screen.dart
DA:8,2
DA:10,1
DA:12,1
DA:15,1
DA:16,1
DA:17,3
DA:23,1
DA:24,1
DA:25,1
DA:26,1
DA:27,1
DA:28,1
DA:32,1
DA:33,1
DA:35,1
DA:37,3
DA:39,1
DA:40,2
DA:41,1
DA:42,1
DA:44,3
DA:46,1
DA:47,1
DA:48,3
DA:49,1
DA:50,4
DA:51,1
DA:57,0
DA:59,0
DA:60,0
DA:68,1
DA:70,1
DA:71,1
DA:72,0
DA:73,0
DA:75,1
DA:76,1
DA:77,1
DA:78,2
DA:80,1
DA:82,1
DA:84,4
LF:42
LH:37
end_of_record
SF:lib/view/widgets/lib/presentation/common/widgets/display/lifecycle_observer.dart
DA:7,1
DA:9,1
DA:10,1
DA:14,1
DA:16,1
DA:17,2
DA:20,1
DA:22,2
DA:23,1
DA:26,0
DA:28,0
DA:31,1
DA:33,2
LF:13
LH:11
end_of_record
SF:lib/view/widgets/calender_view.dart
DA:8,1
DA:10,1
DA:12,1
DA:15,1
DA:16,1
DA:17,1
DA:18,1
DA:20,3
DA:22,1
DA:26,1
DA:27,1
DA:28,1
DA:29,1
DA:31,3
DA:33,1
DA:34,2
DA:35,1
DA:37,3
LF:18
LH:18
end_of_record
